2025-01-03 00:13:13 INFO  Utils:112 - [TestNG] Running:
  C:\Users\shubh\eclipse-workspace\opencart\grouping.xml

2025-01-03 00:13:32 INFO  Utils:112 - [TestNG] Running:
  C:\Users\shubh\eclipse-workspace\opencart\grouping.xml

2025-01-03 00:14:16 INFO  Utils:112 - [TestNG] Running:
  C:\Users\shubh\eclipse-workspace\opencart\grouping.xml

2025-01-03 00:15:56 INFO  Utils:112 - [TestNG] Running:
  C:\Users\shubh\eclipse-workspace\opencart\grouping.xml

2025-01-03 00:16:03 INFO  TC_LoginTest:15 - ***************Starting TCLoginTest************************
2025-01-03 00:16:05 INFO  TC_LoginTest:34 - ****************************Finished TCLoginTest**********************
2025-01-03 00:16:10 INFO  TC_AccountRegistrationTest:22 - ************Starting TC001_AccountRegistrationPage*********************
2025-01-03 00:16:11 INFO  TC_AccountRegistrationTest:27 - Clicked on MyAccount Link...
2025-01-03 00:16:12 INFO  TC_AccountRegistrationTest:29 - Clicked on Register Link...
2025-01-03 00:16:13 INFO  TC_AccountRegistrationTest:45 - Validating Expected Message
2025-01-03 00:16:13 INFO  TC_AccountRegistrationTest:64 - ****************finish*********************
2025-01-03 01:09:28 INFO  Utils:112 - [TestNG] Running:
  C:\Users\shubh\eclipse-workspace\opencart\grouping.xml

2025-01-03 01:09:36 INFO  TC_LoginTest:15 - ***************Starting TCLoginTest************************
2025-01-03 01:09:38 INFO  TC_LoginTest:34 - ****************************Finished TCLoginTest**********************
2025-01-03 01:09:43 INFO  TC_AccountRegistrationTest:22 - ************Starting TC001_AccountRegistrationPage*********************
2025-01-03 01:09:43 INFO  TC_AccountRegistrationTest:27 - Clicked on MyAccount Link...
2025-01-03 01:09:44 INFO  TC_AccountRegistrationTest:29 - Clicked on Register Link...
2025-01-03 01:09:46 INFO  TC_AccountRegistrationTest:45 - Validating Expected Message
2025-01-03 01:09:46 INFO  TC_AccountRegistrationTest:64 - ****************finish*********************
2025-01-03 01:10:37 INFO  Utils:112 - [TestNG] Running:
  C:\Users\shubh\eclipse-workspace\opencart\grouping.xml

2025-01-03 01:10:42 INFO  TC_LoginTest:15 - ***************Starting TCLoginTest************************
2025-01-03 01:10:44 INFO  TC_LoginTest:34 - ****************************Finished TCLoginTest**********************
2025-01-03 01:10:49 INFO  TC_AccountRegistrationTest:22 - ************Starting TC001_AccountRegistrationPage*********************
2025-01-03 01:10:49 INFO  TC_AccountRegistrationTest:27 - Clicked on MyAccount Link...
2025-01-03 01:10:50 INFO  TC_AccountRegistrationTest:29 - Clicked on Register Link...
2025-01-03 01:10:52 INFO  TC_AccountRegistrationTest:45 - Validating Expected Message
2025-01-03 01:10:52 INFO  TC_AccountRegistrationTest:64 - ****************finish*********************
2025-01-03 13:20:03 INFO  Utils:112 - [TestNG] Running:
  C:\Users\shubh\eclipse-workspace\Project_Opencart\Master.xml

2025-01-03 13:20:12 INFO  TC_AccountRegistrationTest:22 - ************Starting TC001_AccountRegistrationPage*********************
2025-01-03 13:20:12 INFO  TC_AccountRegistrationTest:27 - Clicked on MyAccount Link...
2025-01-03 13:20:13 INFO  TC_AccountRegistrationTest:29 - Clicked on Register Link...
2025-01-03 13:20:15 INFO  TC_AccountRegistrationTest:45 - Validating Expected Message
2025-01-03 13:20:15 INFO  TC_AccountRegistrationTest:64 - ****************finish*********************
2025-01-03 13:20:22 INFO  TC_LoginTest:15 - ***************Starting TCLoginTest************************
2025-01-03 13:20:24 INFO  TC_LoginTest:34 - ****************************Finished TCLoginTest**********************
2025-01-03 13:20:57 INFO  Utils:112 - [TestNG] Running:
  C:\Users\shubh\eclipse-workspace\Project_Opencart\Master.xml

2025-01-03 13:21:01 INFO  TC_AccountRegistrationTest:22 - ************Starting TC001_AccountRegistrationPage*********************
2025-01-03 13:21:03 INFO  TC_LoginTest:15 - ***************Starting TCLoginTest************************
2025-01-03 13:22:48 INFO  Utils:112 - [TestNG] Running:
  C:\Users\shubh\eclipse-workspace\Project_Opencart\Master.xml

2025-01-03 13:22:52 INFO  TC_AccountRegistrationTest:22 - ************Starting TC001_AccountRegistrationPage*********************
2025-01-03 13:22:54 INFO  TC_LoginTest:15 - ***************Starting TCLoginTest************************
2025-01-03 13:24:23 INFO  Utils:112 - [TestNG] Running:
  C:\Users\shubh\eclipse-workspace\Project_Opencart\Master.xml

2025-01-03 13:24:27 INFO  TC_AccountRegistrationTest:22 - ************Starting TC001_AccountRegistrationPage*********************
2025-01-03 13:24:30 INFO  TC_LoginTest:15 - ***************Starting TCLoginTest************************
2025-01-03 13:25:51 INFO  Utils:112 - [TestNG] Running:
  C:\Users\shubh\eclipse-workspace\Project_Opencart\Master.xml

2025-01-03 13:25:58 INFO  TC_AccountRegistrationTest:22 - ************Starting TC001_AccountRegistrationPage*********************
2025-01-03 13:25:58 INFO  TC_AccountRegistrationTest:27 - Clicked on MyAccount Link...
2025-01-03 13:25:58 INFO  TC_AccountRegistrationTest:29 - Clicked on Register Link...
2025-01-03 13:26:01 INFO  TC_AccountRegistrationTest:45 - Validating Expected Message
2025-01-03 13:26:01 INFO  TC_AccountRegistrationTest:64 - ****************finish*********************
2025-01-03 13:26:07 INFO  TC_LoginTest:15 - ***************Starting TCLoginTest************************
2025-01-03 13:26:09 INFO  TC_LoginTest:34 - ****************************Finished TCLoginTest**********************
2025-01-03 13:27:59 INFO  Utils:112 - [TestNG] Running:
  C:\Users\shubh\eclipse-workspace\Project_Opencart\Master.xml

2025-01-03 13:28:03 INFO  TC_AccountRegistrationTest:22 - ************Starting TC001_AccountRegistrationPage*********************
2025-01-03 13:28:06 INFO  TC_LoginTest:15 - ***************Starting TCLoginTest************************
2025-01-03 13:33:31 INFO  Utils:112 - [TestNG] Running:
  C:\Users\shubh\eclipse-workspace\Project_Opencart\Master.xml

2025-01-03 13:33:35 INFO  TC_AccountRegistrationTest:22 - ************Starting TC001_AccountRegistrationPage*********************
2025-01-03 13:33:38 INFO  TC_LoginTest:15 - ***************Starting TCLoginTest************************
2025-01-03 13:35:01 INFO  Utils:112 - [TestNG] Running:
  C:\Users\shubh\eclipse-workspace\Project_Opencart\Master.xml

2025-01-03 13:35:05 INFO  TC_AccountRegistrationTest:22 - ************Starting TC001_AccountRegistrationPage*********************
2025-01-03 13:35:09 INFO  TC_LoginTest:15 - ***************Starting TCLoginTest************************
2025-01-03 13:37:14 INFO  Utils:112 - [TestNG] Running:
  C:\Users\shubh\eclipse-workspace\Project_Opencart\Master.xml

2025-01-03 13:37:23 INFO  TC_AccountRegistrationTest:22 - ************Starting TC001_AccountRegistrationPage*********************
2025-01-03 13:37:23 INFO  TC_AccountRegistrationTest:27 - Clicked on MyAccount Link...
2025-01-03 13:37:24 INFO  TC_AccountRegistrationTest:29 - Clicked on Register Link...
2025-01-03 13:37:26 INFO  TC_AccountRegistrationTest:45 - Validating Expected Message
2025-01-03 13:37:26 INFO  TC_AccountRegistrationTest:64 - ****************finish*********************
2025-01-03 13:37:35 INFO  TC_LoginTest:15 - ***************Starting TCLoginTest************************
2025-01-03 13:37:37 INFO  TC_LoginTest:34 - ****************************Finished TCLoginTest**********************
2025-01-03 13:38:59 INFO  Utils:112 - [TestNG] Running:
  C:\Users\shubh\eclipse-workspace\Project_Opencart\Master.xml

2025-01-03 13:39:05 INFO  TC_AccountRegistrationTest:22 - ************Starting TC001_AccountRegistrationPage*********************
2025-01-03 13:39:05 INFO  TC_AccountRegistrationTest:27 - Clicked on MyAccount Link...
2025-01-03 13:39:07 INFO  TC_AccountRegistrationTest:29 - Clicked on Register Link...
2025-01-03 13:39:09 INFO  TC_AccountRegistrationTest:45 - Validating Expected Message
2025-01-03 13:39:10 INFO  TC_AccountRegistrationTest:64 - ****************finish*********************
2025-01-03 13:39:20 INFO  TC_LoginTest:15 - ***************Starting TCLoginTest************************
2025-01-03 13:39:22 INFO  TC_LoginTest:34 - ****************************Finished TCLoginTest**********************
2025-01-03 13:39:40 INFO  Utils:112 - [TestNG] Running:
  C:\Users\shubh\eclipse-workspace\Project_Opencart\Master.xml

2025-01-03 13:40:42 INFO  Utils:112 - [TestNG] Running:
  C:\Users\shubh\eclipse-workspace\Project_Opencart\Master.xml

2025-01-03 13:40:46 INFO  TC_AccountRegistrationTest:22 - ************Starting TC001_AccountRegistrationPage*********************
2025-01-03 13:40:50 INFO  TC_LoginTest:15 - ***************Starting TCLoginTest************************
2025-01-03 13:44:49 INFO  Utils:112 - [TestNG] Running:
  C:\Users\shubh\eclipse-workspace\Project_Opencart\Master.xml

2025-01-03 13:44:52 INFO  TC_AccountRegistrationTest:22 - ************Starting TC001_AccountRegistrationPage*********************
2025-01-03 13:44:56 INFO  TC_LoginTest:15 - ***************Starting TCLoginTest************************
2025-01-03 13:56:18 INFO  Utils:112 - [TestNG] Running:
  C:\Users\shubh\eclipse-workspace\Project_Opencart\Master.xml

2025-01-03 13:56:21 INFO  TC_AccountRegistrationTest:22 - ************Starting TC001_AccountRegistrationPage*********************
2025-01-03 13:56:25 INFO  TC_LoginTest:15 - ***************Starting TCLoginTest************************
2025-01-03 13:59:13 INFO  Utils:112 - [TestNG] Running:
  C:\Users\shubh\eclipse-workspace\Project_Opencart\Master.xml

2025-01-03 13:59:20 INFO  TC_AccountRegistrationTest:22 - ************Starting TC001_AccountRegistrationPage*********************
2025-01-03 13:59:21 INFO  TC_AccountRegistrationTest:27 - Clicked on MyAccount Link...
2025-01-03 13:59:21 INFO  TC_AccountRegistrationTest:29 - Clicked on Register Link...
2025-01-03 13:59:24 INFO  TC_AccountRegistrationTest:45 - Validating Expected Message
2025-01-03 13:59:24 INFO  TC_AccountRegistrationTest:64 - ****************finish*********************
2025-01-03 13:59:32 INFO  TC_LoginTest:15 - ***************Starting TCLoginTest************************
2025-01-03 13:59:34 INFO  TC_LoginTest:34 - ****************************Finished TCLoginTest**********************
2025-01-03 17:31:00 INFO  Utils:112 - [TestNG] Running:
  C:\Users\shubh\eclipse-workspace\Project_Opencart\grid-docker.xml

2025-01-03 17:31:08 INFO  TC_AccountRegistrationTest:22 - ************Starting TC001_AccountRegistrationPage*********************
2025-01-03 17:31:08 INFO  TC_AccountRegistrationTest:27 - Clicked on MyAccount Link...
2025-01-03 17:31:09 INFO  TC_AccountRegistrationTest:29 - Clicked on Register Link...
2025-01-03 17:31:11 INFO  TC_AccountRegistrationTest:45 - Validating Expected Message
2025-01-03 17:31:11 INFO  TC_AccountRegistrationTest:64 - ****************finish*********************
2025-01-03 17:31:14 INFO  TC_LoginTest:15 - ***************Starting TCLoginTest************************
2025-01-03 17:31:16 INFO  TC_LoginTest:34 - ****************************Finished TCLoginTest**********************
2025-01-03 17:31:58 INFO  Utils:112 - [TestNG] Running:
  C:\Users\shubh\eclipse-workspace\Project_Opencart\grid-docker.xml

2025-01-03 17:33:26 INFO  Utils:112 - [TestNG] Running:
  C:\Users\shubh\eclipse-workspace\Project_Opencart\grid-docker.xml

2025-01-03 17:34:27 INFO  Utils:112 - [TestNG] Running:
  C:\Users\shubh\eclipse-workspace\Project_Opencart\grid-docker.xml

2025-01-03 17:35:29 INFO  Utils:112 - [TestNG] Running:
  C:\Users\shubh\eclipse-workspace\Project_Opencart\grid-docker.xml

2025-01-03 17:35:33 INFO  TC_AccountRegistrationTest:22 - ************Starting TC001_AccountRegistrationPage*********************
2025-01-03 17:35:33 INFO  TC_AccountRegistrationTest:27 - Clicked on MyAccount Link...
2025-01-03 17:35:34 INFO  TC_AccountRegistrationTest:29 - Clicked on Register Link...
2025-01-03 17:35:36 INFO  TC_AccountRegistrationTest:45 - Validating Expected Message
2025-01-03 17:35:36 INFO  TC_AccountRegistrationTest:64 - ****************finish*********************
2025-01-03 17:35:39 INFO  TC_LoginTest:15 - ***************Starting TCLoginTest************************
2025-01-03 17:35:41 INFO  TC_LoginTest:34 - ****************************Finished TCLoginTest**********************
2025-01-03 17:36:52 INFO  Utils:112 - [TestNG] Running:
  C:\Users\shubh\eclipse-workspace\Project_Opencart\grid-docker.xml

2025-01-03 17:37:00 INFO  TC_AccountRegistrationTest:22 - ************Starting TC001_AccountRegistrationPage*********************
2025-01-03 17:37:01 INFO  TC_AccountRegistrationTest:27 - Clicked on MyAccount Link...
2025-01-03 17:37:02 INFO  TC_AccountRegistrationTest:29 - Clicked on Register Link...
2025-01-03 17:37:03 INFO  TC_AccountRegistrationTest:45 - Validating Expected Message
2025-01-03 17:37:03 INFO  TC_AccountRegistrationTest:64 - ****************finish*********************
2025-01-03 17:37:09 INFO  TC_LoginTest:15 - ***************Starting TCLoginTest************************
2025-01-03 17:37:12 INFO  TC_LoginTest:34 - ****************************Finished TCLoginTest**********************
2025-01-03 18:04:58 INFO  TC_AccountRegistrationTest:22 - ************Starting TC001_AccountRegistrationPage*********************
2025-01-03 18:04:58 INFO  TC_AccountRegistrationTest:27 - Clicked on MyAccount Link...
2025-01-03 18:05:00 INFO  TC_AccountRegistrationTest:29 - Clicked on Register Link...
2025-01-03 18:05:02 INFO  TC_AccountRegistrationTest:45 - Validating Expected Message
2025-01-03 18:05:03 INFO  TC_AccountRegistrationTest:64 - ****************finish*********************
2025-01-03 18:05:10 INFO  TC_LoginTest:15 - ***************Starting TCLoginTest************************
2025-01-03 18:05:12 INFO  TC_LoginTest:34 - ****************************Finished TCLoginTest**********************
2025-01-03 18:17:26 INFO  TC_AccountRegistrationTest:22 - ************Starting TC001_AccountRegistrationPage*********************
2025-01-03 18:17:26 INFO  TC_AccountRegistrationTest:27 - Clicked on MyAccount Link...
2025-01-03 18:17:26 INFO  TC_AccountRegistrationTest:29 - Clicked on Register Link...
2025-01-03 18:17:29 INFO  TC_AccountRegistrationTest:45 - Validating Expected Message
2025-01-03 18:17:29 INFO  TC_AccountRegistrationTest:64 - ****************finish*********************
2025-01-03 18:17:36 INFO  TC_LoginTest:15 - ***************Starting TCLoginTest************************
2025-01-03 18:17:37 INFO  TC_LoginTest:34 - ****************************Finished TCLoginTest**********************
2025-01-03 18:24:01 INFO  TC_AccountRegistrationTest:22 - ************Starting TC001_AccountRegistrationPage*********************
2025-01-03 18:24:01 INFO  TC_AccountRegistrationTest:27 - Clicked on MyAccount Link...
2025-01-03 18:24:01 INFO  TC_AccountRegistrationTest:29 - Clicked on Register Link...
2025-01-03 18:24:03 INFO  TC_AccountRegistrationTest:45 - Validating Expected Message
2025-01-03 18:24:03 INFO  TC_AccountRegistrationTest:64 - ****************finish*********************
2025-01-03 18:24:12 INFO  TC_LoginTest:15 - ***************Starting TCLoginTest************************
2025-01-03 18:24:14 INFO  TC_LoginTest:34 - ****************************Finished TCLoginTest**********************
